
=== Tue Nov 19 13:24:23 2019

Packages were changed.
Update Mode: updateDependencies

The following packages were updated:
  com.unity.test-framework from version 1.1.3 to 1.1.5

=== Thu Dec  5 14:12:00 2019

Packages were changed.
Update Mode: updateDependencies

The following packages were updated:
  com.unity.ide.rider from version 1.1.0 to 1.1.4
  com.unity.ide.vscode from version 1.1.2 to 1.1.3
  com.unity.textmeshpro from version 2.0.1 to 3.0.0-preview.1

=== Tue Feb 11 13:46:37 2020

Packages were changed.
Update Mode: updateDependencies

The following packages were updated:
  com.unity.cinemachine from version 2.3.4 to 2.5.0
  com.unity.collab-proxy from version 1.2.16 to 1.3.6
  com.unity.ide.rider from version 1.1.4 to 1.2.1
  com.unity.ide.vscode from version 1.1.3 to 1.1.4
  com.unity.test-framework from version 1.1.5 to 1.1.11

=== Thu Feb 13 14:14:56 2020

Packages were changed.
Update Mode: updateDependencies

The following packages were updated:
  com.unity.collab-proxy from version 1.3.6 to 1.3.7
